<?xml version="1.0" encoding="UTF-8"?>
<!-- Generated by org.testng.reporters.JUnitReportReporter -->
<testsuite hostname="NTY-EN-8D25HC2" failures="0" tests="1" name="Tests.Environments.VerifyEndPointOkAtPortalTest" time="0.000" errors="0" timestamp="2020-10-19T19:10:06 IDT" skipped="1">
  <testcase classname="Tests.Environments.VerifyEndPointOkAtPortalTest" name="VerifyEndPointStatusAtPortalTest" time="0.000">
    <skipped/>
  </testcase> <!-- VerifyEndPointStatusAtPortalTest -->
  <system-out/>
</testsuite> <!-- Tests.Environments.VerifyEndPointOkAtPortalTest -->
