<?xml version="1.0" encoding="UTF-8"?>
<!-- Generated by org.testng.reporters.JUnitReportReporter -->
<testsuite hostname="NTY-EN-8D25HC2" failures="0" tests="1" name="Tests.LNE.InitCustomer" time="18.228" errors="0" timestamp="2020-09-30T15:45:31 IDT" skipped="0">
  <testcase classname="Tests.LNE.InitCustomer" name="initCustomerAndDownloadInstaller" time="18.228"/>
  <system-out/>
</testsuite> <!-- Tests.LNE.InitCustomer -->
