<?xml version="1.0" encoding="UTF-8"?>
<!-- Generated by org.testng.reporters.JUnitReportReporter -->
<testsuite hostname="NTY-EN-8D25HC2" failures="0" tests="1" name="Tests.LNE.ChangeCustomerConfAndVerify" time="1.464" errors="0" timestamp="2020-09-30T15:45:31 IDT" skipped="0">
  <testcase classname="Tests.LNE.ChangeCustomerConfAndVerify" name="changeCustomerConfAndVerify" time="1.464"/>
  <system-out/>
</testsuite> <!-- Tests.LNE.ChangeCustomerConfAndVerify -->
